<?xml version="1.0" encoding="UTF-8"?>
<!-- Generated by org.testng.reporters.JUnitReportReporter -->
<testsuite skipped="1" hostname="DESKTOP-NGERS46" name="com.nexttech.testrunner.TestNGTestrunner$TestRunner" tests="1" failures="0" timestamp="05 Oct 2021 22:41:48 GMT" time="0.000" errors="0">
  <testcase name="feature" time="0.000" classname="com.nexttech.testrunner.TestNGTestrunner$TestRunner">
    <skipped/>
  </testcase> <!-- feature -->
</testsuite> <!-- com.nexttech.testrunner.TestNGTestrunner$TestRunner -->
